
*** Running vivado
    with args -log design_1_mux4_0_1.vds -m64 -product Vivado -mode batch -messageDb vivado.pb -notrace -source design_1_mux4_0_1.tcl


****** Vivado v2023.2 (64-bit)
  **** SW Build 4029153 on Fri Oct 13 20:13:54 MDT 2023
  **** IP Build 4028589 on Sat Oct 14 00:45:43 MDT 2023
  **** SharedData Build 4025554 on Tue Oct 10 17:18:54 MDT 2023
    ** Copyright 1986-2022 Xilinx, Inc. All Rights Reserved.
    ** Copyright 2022-2023 Advanced Micro Devices, Inc. All Rights Reserved.

source design_1_mux4_0_1.tcl -notrace
INFO: [IP_Flow 19-234] Refreshing IP repositories
INFO: [IP_Flow 19-1704] No user IP repositories specified
INFO: [IP_Flow 19-2313] Loaded Vivado IP repository '/tools/Xilinx/Vivado/2023.2/data/ip'.
INFO: [IP_Flow 19-6924] IPCACHE: Running cache check for IP inst: design_1_mux4_0_1
INFO: [IP_Flow 19-6922] IPCACHE: Exporting cached entry f7b71a8014a9085b to dir: /home/connor/Documents/mips/mips-core/mips-core.runs/design_1_mux4_0_1_synth_1
INFO: [IP_Flow 19-6928] IPCACHE: copied cached file /home/connor/Documents/mips/mips-core/mips-core.cache/ip/2023.2/f/7/f7b71a8014a9085b/design_1_mux4_0_0_sim_netlist.vhdl to /home/connor/Documents/mips/mips-core/mips-core.runs/design_1_mux4_0_1_synth_1/design_1_mux4_0_1_sim_netlist.vhdl.
INFO: [IP_Flow 19-6928] IPCACHE: copied cached file /home/connor/Documents/mips/mips-core/mips-core.cache/ip/2023.2/f/7/f7b71a8014a9085b/design_1_mux4_0_0_stub.vhdl to /home/connor/Documents/mips/mips-core/mips-core.runs/design_1_mux4_0_1_synth_1/design_1_mux4_0_1_stub.vhdl.
INFO: [IP_Flow 19-6928] IPCACHE: copied cached file /home/connor/Documents/mips/mips-core/mips-core.cache/ip/2023.2/f/7/f7b71a8014a9085b/design_1_mux4_0_0.dcp to /home/connor/Documents/mips/mips-core/mips-core.runs/design_1_mux4_0_1_synth_1/design_1_mux4_0_1.dcp.
INFO: [IP_Flow 19-6928] IPCACHE: copied cached file /home/connor/Documents/mips/mips-core/mips-core.cache/ip/2023.2/f/7/f7b71a8014a9085b/design_1_mux4_0_0_stub.v to /home/connor/Documents/mips/mips-core/mips-core.runs/design_1_mux4_0_1_synth_1/design_1_mux4_0_1_stub.v.
INFO: [IP_Flow 19-6928] IPCACHE: copied cached file /home/connor/Documents/mips/mips-core/mips-core.cache/ip/2023.2/f/7/f7b71a8014a9085b/design_1_mux4_0_0_sim_netlist.v to /home/connor/Documents/mips/mips-core/mips-core.runs/design_1_mux4_0_1_synth_1/design_1_mux4_0_1_sim_netlist.v.
INFO: [IP_Flow 19-4838] Using cached IP synthesis design for IP design_1_mux4_0_1, cache-ID = f7b71a8014a9085b.
INFO: [Common 17-206] Exiting Vivado at Tue Mar 19 20:54:32 2024...
